<?xml version="1.0" encoding="UTF-8"?>
<testsuite xmlns:xsi="http://www.w3.org/2001/XMLSchema-instance" xsi:noNamespaceSchemaLocation="https://maven.apache.org/surefire/maven-surefire-plugin/xsd/surefire-test-report-3.0.xsd" version="3.0" name="com.tina.mathutil.core.NewTest" time="0.247" tests="4" errors="0" skipped="0" failures="0">
  <properties>
[...]
</properties>
  <testcase name="testDDT(int, long)[1]" classname="com.tina.mathutil.core.NewTest" time="0.117"/>
  <testcase name="testDDT(int, long)[2]" classname="com.tina.mathutil.core.NewTest" time="0.004"/>
  <testcase name="testDDT(int, long)[3]" classname="com.tina.mathutil.core.NewTest" time="0.003"/>
  <testcase name="checkInputOfGetFactorial" classname="com.tina.mathutil.core.NewTest" time="0.005"/>
</testsuite>